Test Case 1
Total Price 0
Member Items: 
   1:  
   2:  


Test Case 2
Total Price 329
Member Items: 
   1:  2 4 
   2:  2 4 
   3:  2 4 
   4:  4 


Test Case 3
Total Price 86
Member Items: 
   1:  
   2:  
   3:  4 
   4:  3 4 
   5:  
   6:  1 2 3 4 5 
   7:  1 2 3 4 5 
   8:  1 2 3 4 5 
   9:  1 2 3 4 5 
   10:  1 2 3 4 5 


Test Case 4
Total Price 1400
Member Items: 
   1:  1 
   2:  1 
   3:  
   4:  
   5:  5 
   6:  
   7:  
   8:  
   9:  
   10:  10 
   11:  1 2 3 4 5 6 7 8 9 10 
   12:  1 2 3 4 5 6 7 8 9 10 
   13:  1 2 3 4 5 6 7 8 9 10 
   14:  1 2 3 4 5 6 7 8 9 10 
   15:  1 2 3 4 5 6 7 8 9 10 
   16:  1 2 3 4 5 6 7 8 9 10 
   17:  1 2 3 4 5 6 7 8 9 10 
   18:  1 2 3 4 5 6 7 8 9 10 
   19:  1 2 3 4 5 6 7 8 9 10 
   20:  1 2 3 4 5 6 7 8 9 10 
   21:  1 2 3 4 5 6 7 8 9 10 
   22:  1 2 3 4 5 6 7 8 9 10 
   23:  1 2 3 4 5 6 7 8 9 10 
   24:  1 2 3 4 5 6 7 8 9 10 
   25:  1 2 3 4 5 6 7 8 9 10 
   26:  1 2 3 4 5 6 7 8 9 10 
   27:  1 2 3 4 5 6 7 8 9 10 
   28:  1 2 3 4 5 6 7 8 9 10 
   29:  1 2 3 4 5 6 7 8 9 10 
   30:  1 2 3 4 5 6 7 8 9 10 


